<?xml version="1.0" encoding="UTF-8"?>
<testng-results ignored="0" total="1" passed="1" failed="0" skipped="0">
  <reporter-output>
  </reporter-output>
  <suite started-at="2018-09-26T18:26:00Z" name="Guru99" finished-at="2018-09-26T18:26:10Z" duration-ms="10062">
    <groups>
    </groups>
    <test started-at="2018-09-26T18:26:00Z" name="TestCase1" finished-at="2018-09-26T18:26:10Z" duration-ms="10062">
      <class name="com.seic.qa.testcases.LoginPageTest">
        <test-method is-config="true" signature="beforeSuite()[pri:0, instance:com.seic.qa.testcases.LoginPageTest@618425b5]" started-at="2018-09-26T18:24:13Z" name="beforeSuite" finished-at="2018-09-26T18:26:00Z" duration-ms="106525" status="PASS">
          <reporter-output>
          </reporter-output>
        </test-method> <!-- beforeSuite -->
        <test-method signature="verifySignIn()[pri:0, instance:com.seic.qa.testcases.LoginPageTest@618425b5]" started-at="2018-09-26T18:26:00Z" name="verifySignIn" finished-at="2018-09-26T18:26:10Z" duration-ms="10016" status="PASS">
          <reporter-output>
          </reporter-output>
        </test-method> <!-- verifySignIn -->
        <test-method is-config="true" signature="afterSuite()[pri:0, instance:com.seic.qa.testcases.LoginPageTest@618425b5]" started-at="2018-09-26T18:26:10Z" name="afterSuite" finished-at="2018-09-26T18:26:11Z" duration-ms="685" status="PASS">
          <reporter-output>
          </reporter-output>
        </test-method> <!-- afterSuite -->
      </class> <!-- com.seic.qa.testcases.LoginPageTest -->
    </test> <!-- TestCase1 -->
  </suite> <!-- Guru99 -->
</testng-results>
